
Gurobi 6.5.2 (win64) logging started 09/12/16 20:55:43

Optimize a model with 620 rows, 6101 columns and 12120 nonzeros
Coefficient statistics:
  Matrix range    [1e+00, 2e+03]
  Objective range [1e+00, 1e+00]
  Bounds range    [1e+00, 6e+08]
  RHS range       [1e+00, 5e+00]
Found heuristic solution: objective 324851
Presolve removed 10 rows and 100 columns
Presolve time: 0.02s
Presolved: 610 rows, 6001 columns, 12010 nonzeros
Variable types: 1 continuous, 6000 integer (6000 binary)

Root relaxation: objective 2.073118e+05, 970 iterations, 0.02 seconds

    Nodes    |    Current Node    |     Objective Bounds      |     Work
 Expl Unexpl |  Obj  Depth IntInf | Incumbent    BestBd   Gap | It/Node Time

     0     0 207311.802    0   18 324851.000 207311.802  36.2%     -    0s
H    0     0                    211178.00000 207311.802  1.83%     -    0s
H    0     0                    207475.00000 207311.802  0.08%     -    0s
     0     0 207313.589    0   29 207475.000 207313.589  0.08%     -    0s
     0     0 207313.840    0   30 207475.000 207313.840  0.08%     -    0s
     0     0 207314.735    0   42 207475.000 207314.735  0.08%     -    0s
H    0     2                    207379.00000 207314.735  0.03%     -    2s
     0     2 207314.735    0   42 207379.000 207314.735  0.03%     -    2s
   228   228 207319.977  106   26 207379.000 207314.812  0.03%   8.6    5s
H  543   544                    207359.00000 207314.812  0.02%   6.0    7s
H  762   752                    207357.00000 207314.812  0.02%   5.3    8s
  1130   991 207345.009  373   19 207357.000 207314.851  0.02%   4.9   10s
  1838  1206 207324.000  119   20 207357.000 207316.000  0.02%  20.7   15s
  3000  1500 207328.000  259   24 207357.000 207316.000  0.02%  34.9   20s
  4208  1782 207334.000  364   30 207357.000 207316.000  0.02%  38.2   25s
  5493  2704 207322.000  182   36 207357.000 207316.000  0.02%  35.4   30s
  7446  4460 207321.000   60   33 207357.000 207318.000  0.02%  30.5   35s
 10190  6773 207350.373  301   19 207357.000 207318.000  0.02%  26.5   40s
 12463  8771 207334.000  476   20 207357.000 207318.000  0.02%  25.6   45s
 14985 10936 207339.000  517   31 207357.000 207318.000  0.02%  25.2   51s
 16612 12288 207333.626  186   21 207357.000 207318.000  0.02%  25.6   56s
 17808 13332 207321.000   38   36 207357.000 207318.000  0.02%  25.9   61s
 19712 14981 207320.000   23   60 207357.000 207318.000  0.02%  26.3   65s
 21186 16250 207333.000  197   28 207357.000 207318.000  0.02%  27.1   70s
 21500 16510 207341.000  223   42 207357.000 207318.000  0.02%  27.4   85s
 21512 16518 207329.000  135   30 207357.000 207319.000  0.02%  27.3   90s
 21522 16525 207336.000  187   74 207357.000 207319.000  0.02%  27.3   95s
 21529 16529 207354.000  376   68 207357.000 207320.000  0.02%  27.3  100s
 21537 16535 207342.246  402   48 207357.000 207320.000  0.02%  27.3  105s
 21543 16539 207332.000  187   83 207357.000 207320.000  0.02%  27.3  110s
 21549 16543 207354.000  376  130 207357.000 207320.088  0.02%  27.3  115s

Cutting planes:
  Cover: 11
  MIR: 43
  Flow cover: 2

Explored 21558 nodes (613035 simplex iterations) in 120.11 seconds
Thread count was 4 (of 4 available processors)

Time limit reached
Best objective 2.073570000000e+05, best bound 2.073210000000e+05, gap 0.0174%

Gurobi 6.5.2 (win64) logging started 05/11/17 10:36:01

Optimize a model with 28 rows, 97 columns and 184 nonzeros
Coefficient statistics:
  Matrix range    [1e+00, 2e+03]
  Objective range [1e+00, 1e+00]
  Bounds range    [1e+00, 2e+07]
  RHS range       [1e+00, 1e+00]
Found heuristic solution: objective 15984
Presolve removed 4 rows and 16 columns
Presolve time: 0.01s
Presolved: 24 rows, 81 columns, 164 nonzeros
Variable types: 1 continuous, 80 integer (80 binary)

Root relaxation: objective 9.537500e+03, 39 iterations, 0.00 seconds

    Nodes    |    Current Node    |     Objective Bounds      |     Work
 Expl Unexpl |  Obj  Depth IntInf | Incumbent    BestBd   Gap | It/Node Time

     0     0 9537.50000    0    6 15984.0000 9537.50000  40.3%     -    0s
H    0     0                    11988.000000 9537.50000  20.4%     -    0s
H    0     0                    10082.000000 9537.50000  5.40%     -    0s
H    0     0                    9990.0000000 9537.50000  4.53%     -    0s
     0     0     cutoff    0      9990.00000 9989.00999  0.01%     -    0s

Cutting planes:
  Cover: 2
  MIR: 1

Explored 0 nodes (74 simplex iterations) in 0.04 seconds
Thread count was 8 (of 8 available processors)

Optimal solution found (tolerance 1.00e-04)
Best objective 9.990000000000e+03, best bound 9.990000000000e+03, gap 0.0%

Gurobi 6.5.2 (win64) logging started 05/11/17 11:19:47

Optimize a model with 28 rows, 97 columns and 184 nonzeros
Coefficient statistics:
  Matrix range    [1e+00, 2e+04]
  Objective range [1e+00, 1e+00]
  Bounds range    [1e+00, 2e+07]
  RHS range       [1e+00, 1e+00]
Found heuristic solution: objective 30096
Presolve removed 4 rows and 16 columns
Presolve time: 0.00s
Presolved: 24 rows, 81 columns, 164 nonzeros
Variable types: 1 continuous, 80 integer (80 binary)

Root relaxation: objective 1.999800e+04, 32 iterations, 0.00 seconds

    Nodes    |    Current Node    |     Objective Bounds      |     Work
 Expl Unexpl |  Obj  Depth IntInf | Incumbent    BestBd   Gap | It/Node Time

*    0     0               0    19998.000000 19998.0000  0.00%     -    0s

Explored 0 nodes (32 simplex iterations) in 0.01 seconds
Thread count was 8 (of 8 available processors)

Optimal solution found (tolerance 1.00e-04)
Best objective 1.999799999999e+04, best bound 1.999799999999e+04, gap 0.0%

Gurobi 6.5.2 (win64) logging started 05/11/17 14:51:49

Optimize a model with 28 rows, 97 columns and 184 nonzeros
Coefficient statistics:
  Matrix range    [1e+00, 2e+03]
  Objective range [1e+00, 1e+00]
  Bounds range    [1e+00, 2e+07]
  RHS range       [1e+00, 1e+00]
Found heuristic solution: objective 13986
Presolve removed 8 rows and 32 columns
Presolve time: 0.00s
Presolved: 20 rows, 65 columns, 132 nonzeros
Variable types: 1 continuous, 64 integer (64 binary)

Root relaxation: objective 8.034750e+03, 32 iterations, 0.00 seconds

    Nodes    |    Current Node    |     Objective Bounds      |     Work
 Expl Unexpl |  Obj  Depth IntInf | Incumbent    BestBd   Gap | It/Node Time

     0     0 8034.75000    0    5 13986.0000 8034.75000  42.6%     -    0s
H    0     0                    8086.0000000 8034.75000  0.63%     -    0s

Cutting planes:
  Gomory: 1
  Cover: 1
  MIR: 3

Explored 0 nodes (44 simplex iterations) in 0.01 seconds
Thread count was 8 (of 8 available processors)

Optimal solution found (tolerance 1.00e-04)
Best objective 8.086000000000e+03, best bound 8.086000000000e+03, gap 0.0%

Gurobi 6.5.2 (win64) logging started 05/11/17 14:52:20

Optimize a model with 28 rows, 97 columns and 184 nonzeros
Coefficient statistics:
  Matrix range    [1e+00, 2e+03]
  Objective range [1e+00, 1e+00]
  Bounds range    [1e+00, 2e+07]
  RHS range       [1e+00, 1e+00]
Found heuristic solution: objective 14017
Presolve removed 4 rows and 16 columns
Presolve time: 0.00s
Presolved: 24 rows, 81 columns, 164 nonzeros
Variable types: 1 continuous, 80 integer (80 binary)

Root relaxation: objective 8.065750e+03, 34 iterations, 0.00 seconds

    Nodes    |    Current Node    |     Objective Bounds      |     Work
 Expl Unexpl |  Obj  Depth IntInf | Incumbent    BestBd   Gap | It/Node Time

     0     0 8065.75000    0    5 14017.0000 8065.75000  42.5%     -    0s
H    0     0                    10068.000000 8065.75000  19.9%     -    0s
H    0     0                    8116.0000000 8065.75000  0.62%     -    0s
     0     0 8086.00000    0    2 8116.00000 8086.00000  0.37%     -    0s
H    0     0                    8112.0000000 8086.00000  0.32%     -    0s
H    0     0                    8086.0000000 8086.00000  0.00%     -    0s

Cutting planes:
  Gomory: 1
  Cover: 3
  MIR: 2

Explored 0 nodes (57 simplex iterations) in 0.02 seconds
Thread count was 8 (of 8 available processors)

Optimal solution found (tolerance 1.00e-04)
Best objective 8.086000000000e+03, best bound 8.086000000000e+03, gap 0.0%

Gurobi 6.5.2 (win64) logging started 05/11/17 14:53:17

Optimize a model with 28 rows, 97 columns and 184 nonzeros
Coefficient statistics:
  Matrix range    [1e+00, 2e+03]
  Objective range [1e+00, 1e+00]
  Bounds range    [1e+00, 2e+07]
  RHS range       [1e+00, 1e+00]
Found heuristic solution: objective 14017
Presolve removed 4 rows and 16 columns
Presolve time: 0.00s
Presolved: 24 rows, 81 columns, 164 nonzeros
Variable types: 1 continuous, 80 integer (80 binary)

Root relaxation: objective 8.065750e+03, 34 iterations, 0.00 seconds

    Nodes    |    Current Node    |     Objective Bounds      |     Work
 Expl Unexpl |  Obj  Depth IntInf | Incumbent    BestBd   Gap | It/Node Time

     0     0 8065.75000    0    5 14017.0000 8065.75000  42.5%     -    0s
H    0     0                    10068.000000 8065.75000  19.9%     -    0s
H    0     0                    8116.0000000 8065.75000  0.62%     -    0s
     0     0 8086.00000    0    2 8116.00000 8086.00000  0.37%     -    0s
H    0     0                    8112.0000000 8086.00000  0.32%     -    0s
H    0     0                    8086.0000000 8086.00000  0.00%     -    0s

Cutting planes:
  Gomory: 1
  Cover: 3
  MIR: 2

Explored 0 nodes (57 simplex iterations) in 0.01 seconds
Thread count was 8 (of 8 available processors)

Optimal solution found (tolerance 1.00e-04)
Best objective 8.086000000000e+03, best bound 8.086000000000e+03, gap 0.0%

Gurobi 6.5.2 (win64) logging started 05/11/17 14:53:30

Optimize a model with 28 rows, 97 columns and 184 nonzeros
Coefficient statistics:
  Matrix range    [1e+00, 2e+03]
  Objective range [1e+00, 1e+00]
  Bounds range    [1e+00, 2e+07]
  RHS range       [1e+00, 1e+00]
Found heuristic solution: objective 14017
Presolve removed 4 rows and 16 columns
Presolve time: 0.00s
Presolved: 24 rows, 81 columns, 164 nonzeros
Variable types: 1 continuous, 80 integer (80 binary)

Root relaxation: objective 8.065750e+03, 34 iterations, 0.00 seconds

    Nodes    |    Current Node    |     Objective Bounds      |     Work
 Expl Unexpl |  Obj  Depth IntInf | Incumbent    BestBd   Gap | It/Node Time

     0     0 8065.75000    0    5 14017.0000 8065.75000  42.5%     -    0s
H    0     0                    10068.000000 8065.75000  19.9%     -    0s
H    0     0                    8116.0000000 8065.75000  0.62%     -    0s
     0     0 8086.00000    0    2 8116.00000 8086.00000  0.37%     -    0s
H    0     0                    8112.0000000 8086.00000  0.32%     -    0s
H    0     0                    8086.0000000 8086.00000  0.00%     -    0s

Cutting planes:
  Gomory: 1
  Cover: 3
  MIR: 2

Explored 0 nodes (57 simplex iterations) in 0.02 seconds
Thread count was 8 (of 8 available processors)

Optimal solution found (tolerance 1.00e-04)
Best objective 8.086000000000e+03, best bound 8.086000000000e+03, gap 0.0%

Gurobi 6.5.2 (win64) logging started 05/12/17 16:37:32

Optimize a model with 28 rows, 97 columns and 184 nonzeros
Coefficient statistics:
  Matrix range    [1e+00, 2e+03]
  Objective range [1e+00, 1e+00]
  Bounds range    [1e+00, 2e+07]
  RHS range       [1e+00, 1e+00]
Found heuristic solution: objective 14017
Presolve removed 4 rows and 16 columns
Presolve time: 0.00s
Presolved: 24 rows, 81 columns, 164 nonzeros
Variable types: 1 continuous, 80 integer (80 binary)

Root relaxation: objective 8.065750e+03, 34 iterations, 0.00 seconds

    Nodes    |    Current Node    |     Objective Bounds      |     Work
 Expl Unexpl |  Obj  Depth IntInf | Incumbent    BestBd   Gap | It/Node Time

     0     0 8065.75000    0    5 14017.0000 8065.75000  42.5%     -    0s
H    0     0                    10068.000000 8065.75000  19.9%     -    0s
H    0     0                    8116.0000000 8065.75000  0.62%     -    0s
     0     0 8086.00000    0    2 8116.00000 8086.00000  0.37%     -    0s
H    0     0                    8112.0000000 8086.00000  0.32%     -    0s
H    0     0                    8086.0000000 8086.00000  0.00%     -    0s

Cutting planes:
  Gomory: 1
  Cover: 3
  MIR: 2

Explored 0 nodes (57 simplex iterations) in 0.01 seconds
Thread count was 8 (of 8 available processors)

Optimal solution found (tolerance 1.00e-04)
Best objective 8.086000000000e+03, best bound 8.086000000000e+03, gap 0.0%

Gurobi 6.5.2 (win64) logging started 05/12/17 16:38:57

Optimize a model with 28 rows, 97 columns and 184 nonzeros
Coefficient statistics:
  Matrix range    [1e+00, 2e+03]
  Objective range [1e+00, 1e+00]
  Bounds range    [1e+00, 2e+07]
  RHS range       [1e+00, 1e+00]
Found heuristic solution: objective 14017
Presolve removed 4 rows and 16 columns
Presolve time: 0.00s
Presolved: 24 rows, 81 columns, 164 nonzeros
Variable types: 1 continuous, 80 integer (80 binary)

Root relaxation: objective 8.065750e+03, 34 iterations, 0.00 seconds

    Nodes    |    Current Node    |     Objective Bounds      |     Work
 Expl Unexpl |  Obj  Depth IntInf | Incumbent    BestBd   Gap | It/Node Time

     0     0 8065.75000    0    5 14017.0000 8065.75000  42.5%     -    0s
H    0     0                    10068.000000 8065.75000  19.9%     -    0s
H    0     0                    8116.0000000 8065.75000  0.62%     -    0s
     0     0 8086.00000    0    2 8116.00000 8086.00000  0.37%     -    0s
H    0     0                    8112.0000000 8086.00000  0.32%     -    0s
H    0     0                    8086.0000000 8086.00000  0.00%     -    0s

Cutting planes:
  Gomory: 1
  Cover: 3
  MIR: 2

Explored 0 nodes (57 simplex iterations) in 0.01 seconds
Thread count was 8 (of 8 available processors)

Optimal solution found (tolerance 1.00e-04)
Best objective 8.086000000000e+03, best bound 8.086000000000e+03, gap 0.0%

Gurobi 6.5.2 (win64) logging started 05/15/17 12:05:23

Optimize a model with 28 rows, 97 columns and 184 nonzeros
Coefficient statistics:
  Matrix range    [1e+00, 2e+03]
  Objective range [1e+00, 1e+00]
  Bounds range    [1e+00, 2e+07]
  RHS range       [1e+00, 1e+00]
Found heuristic solution: objective 14017
Presolve removed 4 rows and 16 columns
Presolve time: 0.00s
Presolved: 24 rows, 81 columns, 164 nonzeros
Variable types: 1 continuous, 80 integer (80 binary)

Root relaxation: objective 8.065750e+03, 34 iterations, 0.00 seconds

    Nodes    |    Current Node    |     Objective Bounds      |     Work
 Expl Unexpl |  Obj  Depth IntInf | Incumbent    BestBd   Gap | It/Node Time

     0     0 8065.75000    0    5 14017.0000 8065.75000  42.5%     -    0s
H    0     0                    10068.000000 8065.75000  19.9%     -    0s
H    0     0                    8116.0000000 8065.75000  0.62%     -    0s
     0     0 8086.00000    0    2 8116.00000 8086.00000  0.37%     -    0s
H    0     0                    8112.0000000 8086.00000  0.32%     -    0s
H    0     0                    8086.0000000 8086.00000  0.00%     -    0s

Cutting planes:
  Gomory: 1
  Cover: 3
  MIR: 2

Explored 0 nodes (57 simplex iterations) in 0.01 seconds
Thread count was 8 (of 8 available processors)

Optimal solution found (tolerance 1.00e-04)
Best objective 8.086000000000e+03, best bound 8.086000000000e+03, gap 0.0%

Gurobi 6.5.2 (win64) logging started 05/15/17 12:12:04

Optimize a model with 28 rows, 97 columns and 184 nonzeros
Coefficient statistics:
  Matrix range    [1e+00, 2e+03]
  Objective range [1e+00, 1e+00]
  Bounds range    [1e+00, 2e+07]
  RHS range       [1e+00, 1e+00]
Found heuristic solution: objective 14017
Presolve removed 4 rows and 16 columns
Presolve time: 0.00s
Presolved: 24 rows, 81 columns, 164 nonzeros
Variable types: 1 continuous, 80 integer (80 binary)

Root relaxation: objective 8.065750e+03, 34 iterations, 0.00 seconds

    Nodes    |    Current Node    |     Objective Bounds      |     Work
 Expl Unexpl |  Obj  Depth IntInf | Incumbent    BestBd   Gap | It/Node Time

     0     0 8065.75000    0    5 14017.0000 8065.75000  42.5%     -    0s
H    0     0                    10068.000000 8065.75000  19.9%     -    0s
H    0     0                    8116.0000000 8065.75000  0.62%     -    0s
     0     0 8086.00000    0    2 8116.00000 8086.00000  0.37%     -    0s
H    0     0                    8112.0000000 8086.00000  0.32%     -    0s
H    0     0                    8086.0000000 8086.00000  0.00%     -    0s

Cutting planes:
  Gomory: 1
  Cover: 3
  MIR: 2

Explored 0 nodes (57 simplex iterations) in 0.01 seconds
Thread count was 8 (of 8 available processors)

Optimal solution found (tolerance 1.00e-04)
Best objective 8.086000000000e+03, best bound 8.086000000000e+03, gap 0.0%

Gurobi 6.5.2 (win64) logging started 05/15/17 12:19:47

Optimize a model with 28 rows, 97 columns and 184 nonzeros
Coefficient statistics:
  Matrix range    [1e+00, 2e+03]
  Objective range [1e+00, 1e+00]
  Bounds range    [1e+00, 2e+07]
  RHS range       [1e+00, 1e+00]
Found heuristic solution: objective 14017
Presolve removed 4 rows and 16 columns
Presolve time: 0.00s
Presolved: 24 rows, 81 columns, 164 nonzeros
Variable types: 1 continuous, 80 integer (80 binary)

Root relaxation: objective 8.065750e+03, 34 iterations, 0.00 seconds

    Nodes    |    Current Node    |     Objective Bounds      |     Work
 Expl Unexpl |  Obj  Depth IntInf | Incumbent    BestBd   Gap | It/Node Time

     0     0 8065.75000    0    5 14017.0000 8065.75000  42.5%     -    0s
H    0     0                    10068.000000 8065.75000  19.9%     -    0s
H    0     0                    8116.0000000 8065.75000  0.62%     -    0s
     0     0 8086.00000    0    2 8116.00000 8086.00000  0.37%     -    0s
H    0     0                    8112.0000000 8086.00000  0.32%     -    0s
H    0     0                    8086.0000000 8086.00000  0.00%     -    0s

Cutting planes:
  Gomory: 1
  Cover: 3
  MIR: 2

Explored 0 nodes (57 simplex iterations) in 0.02 seconds
Thread count was 8 (of 8 available processors)

Optimal solution found (tolerance 1.00e-04)
Best objective 8.086000000000e+03, best bound 8.086000000000e+03, gap 0.0%

Gurobi 6.5.2 (win64) logging started 05/15/17 12:29:51

Optimize a model with 28 rows, 97 columns and 184 nonzeros
Coefficient statistics:
  Matrix range    [1e+00, 2e+03]
  Objective range [1e+00, 1e+00]
  Bounds range    [1e+00, 2e+07]
  RHS range       [1e+00, 1e+00]
Found heuristic solution: objective 14017
Presolve removed 4 rows and 16 columns
Presolve time: 0.00s
Presolved: 24 rows, 81 columns, 164 nonzeros
Variable types: 1 continuous, 80 integer (80 binary)

Root relaxation: objective 7.365500e+03, 35 iterations, 0.00 seconds

    Nodes    |    Current Node    |     Objective Bounds      |     Work
 Expl Unexpl |  Obj  Depth IntInf | Incumbent    BestBd   Gap | It/Node Time

     0     0 7365.50000    0    4 14017.0000 7365.50000  47.5%     -    0s
H    0     0                    8053.0000000 7365.50000  8.54%     -    0s
*    0     0               0    8023.0000000 8023.00000  0.00%     -    0s

Cutting planes:
  Gomory: 4
  Cover: 4

Explored 0 nodes (68 simplex iterations) in 0.01 seconds
Thread count was 8 (of 8 available processors)

Optimal solution found (tolerance 1.00e-04)
Best objective 8.023000000000e+03, best bound 8.023000000000e+03, gap 0.0%

Gurobi 6.5.2 (win64) logging started 05/15/17 12:35:01

Optimize a model with 28 rows, 97 columns and 184 nonzeros
Coefficient statistics:
  Matrix range    [1e+00, 2e+03]
  Objective range [1e+00, 1e+00]
  Bounds range    [1e+00, 2e+07]
  RHS range       [1e+00, 1e+00]
Found heuristic solution: objective 14017
Presolve removed 4 rows and 16 columns
Presolve time: 0.00s
Presolved: 24 rows, 81 columns, 164 nonzeros
Variable types: 1 continuous, 80 integer (80 binary)

Root relaxation: objective 7.365500e+03, 35 iterations, 0.00 seconds

    Nodes    |    Current Node    |     Objective Bounds      |     Work
 Expl Unexpl |  Obj  Depth IntInf | Incumbent    BestBd   Gap | It/Node Time

     0     0 7365.50000    0    4 14017.0000 7365.50000  47.5%     -    0s
H    0     0                    8053.0000000 7365.50000  8.54%     -    0s
*    0     0               0    8023.0000000 8023.00000  0.00%     -    0s

Cutting planes:
  Gomory: 4
  Cover: 4

Explored 0 nodes (68 simplex iterations) in 0.01 seconds
Thread count was 8 (of 8 available processors)

Optimal solution found (tolerance 1.00e-04)
Best objective 8.023000000000e+03, best bound 8.023000000000e+03, gap 0.0%

Gurobi 6.5.2 (win64) logging started 05/15/17 12:40:01

Optimize a model with 28 rows, 97 columns and 184 nonzeros
Coefficient statistics:
  Matrix range    [1e+00, 2e+03]
  Objective range [1e+00, 1e+00]
  Bounds range    [1e+00, 2e+07]
  RHS range       [1e+00, 1e+00]
Found heuristic solution: objective 14017
Presolve removed 4 rows and 16 columns
Presolve time: 0.00s
Presolved: 24 rows, 81 columns, 164 nonzeros
Variable types: 1 continuous, 80 integer (80 binary)

Root relaxation: objective 7.365500e+03, 35 iterations, 0.00 seconds

    Nodes    |    Current Node    |     Objective Bounds      |     Work
 Expl Unexpl |  Obj  Depth IntInf | Incumbent    BestBd   Gap | It/Node Time

     0     0 7365.50000    0    4 14017.0000 7365.50000  47.5%     -    0s
H    0     0                    8053.0000000 7365.50000  8.54%     -    0s
*    0     0               0    8023.0000000 8023.00000  0.00%     -    0s

Cutting planes:
  Gomory: 4
  Cover: 4

Explored 0 nodes (68 simplex iterations) in 0.01 seconds
Thread count was 8 (of 8 available processors)

Optimal solution found (tolerance 1.00e-04)
Best objective 8.023000000000e+03, best bound 8.023000000000e+03, gap 0.0%

Gurobi 6.5.2 (win64) logging started 05/15/17 12:40:11

Optimize a model with 28 rows, 97 columns and 184 nonzeros
Coefficient statistics:
  Matrix range    [1e+00, 2e+03]
  Objective range [1e+00, 1e+00]
  Bounds range    [1e+00, 2e+07]
  RHS range       [1e+00, 1e+00]
Found heuristic solution: objective 14017
Presolve removed 4 rows and 16 columns
Presolve time: 0.00s
Presolved: 24 rows, 81 columns, 164 nonzeros
Variable types: 1 continuous, 80 integer (80 binary)

Root relaxation: objective 7.365500e+03, 35 iterations, 0.00 seconds

    Nodes    |    Current Node    |     Objective Bounds      |     Work
 Expl Unexpl |  Obj  Depth IntInf | Incumbent    BestBd   Gap | It/Node Time

     0     0 7365.50000    0    4 14017.0000 7365.50000  47.5%     -    0s
H    0     0                    8053.0000000 7365.50000  8.54%     -    0s
*    0     0               0    8023.0000000 8023.00000  0.00%     -    0s

Cutting planes:
  Gomory: 4
  Cover: 4

Explored 0 nodes (68 simplex iterations) in 0.01 seconds
Thread count was 8 (of 8 available processors)

Optimal solution found (tolerance 1.00e-04)
Best objective 8.023000000000e+03, best bound 8.023000000000e+03, gap 0.0%

Gurobi 6.5.2 (win64) logging started 05/15/17 12:40:51

Optimize a model with 28 rows, 97 columns and 184 nonzeros
Coefficient statistics:
  Matrix range    [1e+00, 2e+03]
  Objective range [1e+00, 1e+00]
  Bounds range    [1e+00, 2e+07]
  RHS range       [1e+00, 1e+00]
Found heuristic solution: objective 14017
Presolve removed 4 rows and 16 columns
Presolve time: 0.00s
Presolved: 24 rows, 81 columns, 164 nonzeros
Variable types: 1 continuous, 80 integer (80 binary)

Root relaxation: objective 7.365500e+03, 35 iterations, 0.00 seconds

    Nodes    |    Current Node    |     Objective Bounds      |     Work
 Expl Unexpl |  Obj  Depth IntInf | Incumbent    BestBd   Gap | It/Node Time

     0     0 7365.50000    0    4 14017.0000 7365.50000  47.5%     -    0s
H    0     0                    8053.0000000 7365.50000  8.54%     -    0s
*    0     0               0    8023.0000000 8023.00000  0.00%     -    0s

Cutting planes:
  Gomory: 4
  Cover: 4

Explored 0 nodes (68 simplex iterations) in 0.01 seconds
Thread count was 8 (of 8 available processors)

Optimal solution found (tolerance 1.00e-04)
Best objective 8.023000000000e+03, best bound 8.023000000000e+03, gap 0.0%

Gurobi 6.5.2 (win64) logging started 05/15/17 12:41:08

Optimize a model with 28 rows, 97 columns and 184 nonzeros
Coefficient statistics:
  Matrix range    [1e+00, 2e+03]
  Objective range [1e+00, 1e+00]
  Bounds range    [1e+00, 2e+07]
  RHS range       [1e+00, 1e+00]
Found heuristic solution: objective 14017
Presolve removed 4 rows and 16 columns
Presolve time: 0.00s
Presolved: 24 rows, 81 columns, 164 nonzeros
Variable types: 1 continuous, 80 integer (80 binary)

Root relaxation: objective 7.365500e+03, 35 iterations, 0.00 seconds

    Nodes    |    Current Node    |     Objective Bounds      |     Work
 Expl Unexpl |  Obj  Depth IntInf | Incumbent    BestBd   Gap | It/Node Time

     0     0 7365.50000    0    4 14017.0000 7365.50000  47.5%     -    0s
H    0     0                    8053.0000000 7365.50000  8.54%     -    0s
*    0     0               0    8023.0000000 8023.00000  0.00%     -    0s

Cutting planes:
  Gomory: 4
  Cover: 4

Explored 0 nodes (68 simplex iterations) in 0.01 seconds
Thread count was 8 (of 8 available processors)

Optimal solution found (tolerance 1.00e-04)
Best objective 8.023000000000e+03, best bound 8.023000000000e+03, gap 0.0%

Gurobi 6.5.2 (win64) logging started 05/15/17 14:24:30

Optimize a model with 28 rows, 97 columns and 184 nonzeros
Coefficient statistics:
  Matrix range    [1e+00, 2e+03]
  Objective range [1e+00, 1e+00]
  Bounds range    [1e+00, 2e+07]
  RHS range       [1e+00, 1e+00]
Found heuristic solution: objective 14017
Presolve removed 4 rows and 16 columns
Presolve time: 0.00s
Presolved: 24 rows, 81 columns, 164 nonzeros
Variable types: 1 continuous, 80 integer (80 binary)

Root relaxation: objective 7.365500e+03, 35 iterations, 0.00 seconds

    Nodes    |    Current Node    |     Objective Bounds      |     Work
 Expl Unexpl |  Obj  Depth IntInf | Incumbent    BestBd   Gap | It/Node Time

     0     0 7365.50000    0    4 14017.0000 7365.50000  47.5%     -    0s
H    0     0                    8053.0000000 7365.50000  8.54%     -    0s
*    0     0               0    8023.0000000 8023.00000  0.00%     -    0s

Cutting planes:
  Gomory: 4
  Cover: 4

Explored 0 nodes (68 simplex iterations) in 0.01 seconds
Thread count was 8 (of 8 available processors)

Optimal solution found (tolerance 1.00e-04)
Best objective 8.023000000000e+03, best bound 8.023000000000e+03, gap 0.0%

Gurobi 6.5.2 (win64) logging started 05/15/17 14:25:32

Optimize a model with 28 rows, 97 columns and 184 nonzeros
Coefficient statistics:
  Matrix range    [1e+00, 2e+02]
  Objective range [1e+00, 1e+00]
  Bounds range    [1e+00, 2e+07]
  RHS range       [1e+00, 1e+00]
Found heuristic solution: objective 1600
Presolve removed 4 rows and 16 columns
Presolve time: 0.00s
Presolved: 24 rows, 81 columns, 164 nonzeros
Variable types: 0 continuous, 81 integer (80 binary)

Root relaxation: objective 1.200000e+03, 30 iterations, 0.00 seconds

    Nodes    |    Current Node    |     Objective Bounds      |     Work
 Expl Unexpl |  Obj  Depth IntInf | Incumbent    BestBd   Gap | It/Node Time

*    0     0               0    1200.0000000 1200.00000  0.00%     -    0s

Explored 0 nodes (30 simplex iterations) in 0.01 seconds
Thread count was 8 (of 8 available processors)

Optimal solution found (tolerance 1.00e-04)
Best objective 1.200000000000e+03, best bound 1.200000000000e+03, gap 0.0%

Gurobi 6.5.2 (win64) logging started 05/15/17 14:32:26

Optimize a model with 28 rows, 97 columns and 184 nonzeros
Coefficient statistics:
  Matrix range    [1e+00, 2e+02]
  Objective range [1e+00, 1e+00]
  Bounds range    [1e+00, 2e+07]
  RHS range       [1e+00, 2e+00]
Found heuristic solution: objective 3000
Presolve removed 4 rows and 16 columns
Presolve time: 0.00s
Presolved: 24 rows, 81 columns, 164 nonzeros
Variable types: 0 continuous, 81 integer (80 binary)

Root relaxation: objective 2.200000e+03, 38 iterations, 0.00 seconds

    Nodes    |    Current Node    |     Objective Bounds      |     Work
 Expl Unexpl |  Obj  Depth IntInf | Incumbent    BestBd   Gap | It/Node Time

*    0     0               0    2200.0000000 2200.00000  0.00%     -    0s

Explored 0 nodes (38 simplex iterations) in 0.01 seconds
Thread count was 8 (of 8 available processors)

Optimal solution found (tolerance 1.00e-04)
Best objective 2.200000000000e+03, best bound 2.200000000000e+03, gap 0.0%

Gurobi 6.5.2 (win64) logging started 05/15/17 14:51:55

Optimize a model with 28 rows, 97 columns and 180 nonzeros
Coefficient statistics:
  Matrix range    [1e+00, 2e+02]
  Objective range [1e+00, 1e+00]
  Bounds range    [1e+00, 2e+07]
  RHS range       [1e+00, 1e+00]
Found heuristic solution: objective 1400
Presolve removed 4 rows and 16 columns
Presolve time: 0.00s
Presolved: 24 rows, 81 columns, 164 nonzeros
Variable types: 0 continuous, 81 integer (80 binary)

Root relaxation: objective 9.010000e+02, 32 iterations, 0.00 seconds

    Nodes    |    Current Node    |     Objective Bounds      |     Work
 Expl Unexpl |  Obj  Depth IntInf | Incumbent    BestBd   Gap | It/Node Time

*    0     0               0     901.0000000  901.00000  0.00%     -    0s

Explored 0 nodes (32 simplex iterations) in 0.01 seconds
Thread count was 8 (of 8 available processors)

Optimal solution found (tolerance 1.00e-04)
Best objective 9.010000000000e+02, best bound 9.010000000000e+02, gap 0.0%

Gurobi 6.5.2 (win64) logging started 05/15/17 15:04:00

Optimize a model with 28 rows, 97 columns and 180 nonzeros
Coefficient statistics:
  Matrix range    [1e+00, 1e+03]
  Objective range [1e+00, 1e+00]
  Bounds range    [1e+00, 2e+07]
  RHS range       [1e+00, 2e+00]
Found heuristic solution: objective 11912
Presolve removed 4 rows and 16 columns
Presolve time: 0.00s
Presolved: 24 rows, 81 columns, 164 nonzeros
Variable types: 0 continuous, 81 integer (80 binary)

Root relaxation: objective 3.662245e+03, 39 iterations, 0.00 seconds

    Nodes    |    Current Node    |     Objective Bounds      |     Work
 Expl Unexpl |  Obj  Depth IntInf | Incumbent    BestBd   Gap | It/Node Time

     0     0 3662.24483    0    7 11912.0000 3662.24483  69.3%     -    0s
H    0     0                    4577.0000000 3662.24483  20.0%     -    0s
H    0     0                    4495.0000000 3662.24483  18.5%     -    0s
H    0     0                    4236.0000000 3662.24483  13.5%     -    0s
     0     0     cutoff    0      4236.00000 4235.00424  0.02%     -    0s

Cutting planes:
  Gomory: 3
  Cover: 1
  MIR: 3

Explored 0 nodes (56 simplex iterations) in 0.01 seconds
Thread count was 8 (of 8 available processors)

Optimal solution found (tolerance 1.00e-04)
Best objective 4.236000000000e+03, best bound 4.236000000000e+03, gap 0.0%

Gurobi 6.5.2 (win64) logging started 05/15/17 15:05:48

Optimize a model with 28 rows, 97 columns and 180 nonzeros
Coefficient statistics:
  Matrix range    [1e+00, 1e+03]
  Objective range [1e+00, 1e+00]
  Bounds range    [1e+00, 2e+07]
  RHS range       [1e+00, 2e+00]
Found heuristic solution: objective 11912
Presolve removed 4 rows and 16 columns
Presolve time: 0.00s
Presolved: 24 rows, 81 columns, 164 nonzeros
Variable types: 0 continuous, 81 integer (80 binary)

Root relaxation: objective 3.662245e+03, 39 iterations, 0.00 seconds

    Nodes    |    Current Node    |     Objective Bounds      |     Work
 Expl Unexpl |  Obj  Depth IntInf | Incumbent    BestBd   Gap | It/Node Time

     0     0 3662.24483    0    7 11912.0000 3662.24483  69.3%     -    0s
H    0     0                    4577.0000000 3662.24483  20.0%     -    0s
H    0     0                    4495.0000000 3662.24483  18.5%     -    0s
H    0     0                    4236.0000000 3662.24483  13.5%     -    0s
     0     0     cutoff    0      4236.00000 4235.00424  0.02%     -    0s

Cutting planes:
  Gomory: 3
  Cover: 1
  MIR: 3

Explored 0 nodes (56 simplex iterations) in 0.01 seconds
Thread count was 8 (of 8 available processors)

Optimal solution found (tolerance 1.00e-04)
Best objective 4.236000000000e+03, best bound 4.236000000000e+03, gap 0.0%

Gurobi 6.5.2 (win64) logging started 05/15/17 20:53:19

Optimize a model with 28 rows, 97 columns and 180 nonzeros
Coefficient statistics:
  Matrix range    [1e+00, 1e+03]
  Objective range [1e+00, 1e+00]
  Bounds range    [1e+00, 2e+07]
  RHS range       [1e+00, 1e+00]
Found heuristic solution: objective 6350
Presolve removed 4 rows and 16 columns
Presolve time: 0.00s
Presolved: 24 rows, 81 columns, 164 nonzeros
Variable types: 0 continuous, 81 integer (80 binary)

Root relaxation: objective 9.161448e+02, 37 iterations, 0.00 seconds

    Nodes    |    Current Node    |     Objective Bounds      |     Work
 Expl Unexpl |  Obj  Depth IntInf | Incumbent    BestBd   Gap | It/Node Time

     0     0  916.14484    0    7 6350.00000  916.14484  85.6%     -    0s
H    0     0                    1218.0000000  916.14484  24.8%     -    0s
H    0     0                    1206.0000000  916.14484  24.0%     -    0s
     0     0 1099.40070    0   11 1206.00000 1099.40070  8.84%     -    0s
H    0     0                    1201.0000000 1099.40070  8.46%     -    0s
H    0     0                    1199.0000000 1099.40070  8.31%     -    0s
H    0     0                    1179.0000000 1099.40070  6.75%     -    0s
     0     0 1114.44307    0    9 1179.00000 1114.44307  5.48%     -    0s
H    0     0                    1174.0000000 1114.44307  5.07%     -    0s
     0     0 1133.80885    0    9 1174.00000 1133.80885  3.42%     -    0s
     0     0 1133.80885    0   11 1174.00000 1133.80885  3.42%     -    0s
     0     0 1134.45897    0   11 1174.00000 1134.45897  3.37%     -    0s
     0     0 1135.00000    0    9 1174.00000 1135.00000  3.32%     -    0s
     0     0 1135.00000    0    4 1174.00000 1135.00000  3.32%     -    0s
     0     0 1135.00000    0    7 1174.00000 1135.00000  3.32%     -    0s
     0     0 1135.00000    0    7 1174.00000 1135.00000  3.32%     -    0s
     0     0 1151.32972    0   13 1174.00000 1151.32972  1.93%     -    0s

Cutting planes:
  Cover: 1
  MIR: 4

Explored 0 nodes (175 simplex iterations) in 0.04 seconds
Thread count was 8 (of 8 available processors)

Optimal solution found (tolerance 1.00e-04)
Best objective 1.174000000000e+03, best bound 1.174000000000e+03, gap 0.0%

Gurobi 6.5.2 (win64) logging started 05/15/17 20:55:29

Optimize a model with 28 rows, 97 columns and 180 nonzeros
Coefficient statistics:
  Matrix range    [1e+00, 1e+03]
  Objective range [1e+00, 1e+00]
  Bounds range    [1e+00, 2e+07]
  RHS range       [1e+00, 1e+00]
Found heuristic solution: objective 6350
Presolve removed 4 rows and 16 columns
Presolve time: 0.00s
Presolved: 24 rows, 81 columns, 164 nonzeros
Variable types: 0 continuous, 81 integer (80 binary)

Root relaxation: objective 9.161448e+02, 37 iterations, 0.00 seconds

    Nodes    |    Current Node    |     Objective Bounds      |     Work
 Expl Unexpl |  Obj  Depth IntInf | Incumbent    BestBd   Gap | It/Node Time

     0     0  916.14484    0    7 6350.00000  916.14484  85.6%     -    0s
H    0     0                    1218.0000000  916.14484  24.8%     -    0s
H    0     0                    1206.0000000  916.14484  24.0%     -    0s
     0     0 1099.40070    0   11 1206.00000 1099.40070  8.84%     -    0s
H    0     0                    1201.0000000 1099.40070  8.46%     -    0s
H    0     0                    1199.0000000 1099.40070  8.31%     -    0s
H    0     0                    1179.0000000 1099.40070  6.75%     -    0s
     0     0 1114.44307    0    9 1179.00000 1114.44307  5.48%     -    0s
H    0     0                    1174.0000000 1114.44307  5.07%     -    0s
     0     0 1133.80885    0    9 1174.00000 1133.80885  3.42%     -    0s
     0     0 1133.80885    0   11 1174.00000 1133.80885  3.42%     -    0s
     0     0 1134.45897    0   11 1174.00000 1134.45897  3.37%     -    0s
     0     0 1135.00000    0    9 1174.00000 1135.00000  3.32%     -    0s
     0     0 1135.00000    0    4 1174.00000 1135.00000  3.32%     -    0s
     0     0 1135.00000    0    7 1174.00000 1135.00000  3.32%     -    0s
     0     0 1135.00000    0    7 1174.00000 1135.00000  3.32%     -    0s
     0     0 1151.32972    0   13 1174.00000 1151.32972  1.93%     -    0s

Cutting planes:
  Cover: 1
  MIR: 4

Explored 0 nodes (175 simplex iterations) in 0.03 seconds
Thread count was 8 (of 8 available processors)

Optimal solution found (tolerance 1.00e-04)
Best objective 1.174000000000e+03, best bound 1.174000000000e+03, gap 0.0%

Gurobi 6.5.2 (win64) logging started 05/15/17 21:21:28

Optimize a model with 28 rows, 97 columns and 180 nonzeros
Coefficient statistics:
  Matrix range    [1e+00, 1e+03]
  Objective range [1e+00, 1e+00]
  Bounds range    [1e+00, 2e+07]
  RHS range       [1e+00, 1e+00]
Found heuristic solution: objective 6350
Presolve removed 4 rows and 16 columns
Presolve time: 0.00s
Presolved: 24 rows, 81 columns, 164 nonzeros
Variable types: 0 continuous, 81 integer (80 binary)

Root relaxation: objective 9.161448e+02, 37 iterations, 0.00 seconds

    Nodes    |    Current Node    |     Objective Bounds      |     Work
 Expl Unexpl |  Obj  Depth IntInf | Incumbent    BestBd   Gap | It/Node Time

     0     0  916.14484    0    7 6350.00000  916.14484  85.6%     -    0s
H    0     0                    1218.0000000  916.14484  24.8%     -    0s
H    0     0                    1206.0000000  916.14484  24.0%     -    0s
     0     0 1099.40070    0   11 1206.00000 1099.40070  8.84%     -    0s
H    0     0                    1201.0000000 1099.40070  8.46%     -    0s
H    0     0                    1199.0000000 1099.40070  8.31%     -    0s
H    0     0                    1179.0000000 1099.40070  6.75%     -    0s
     0     0 1114.44307    0    9 1179.00000 1114.44307  5.48%     -    0s
H    0     0                    1174.0000000 1114.44307  5.07%     -    0s
     0     0 1133.80885    0    9 1174.00000 1133.80885  3.42%     -    0s
     0     0 1133.80885    0   11 1174.00000 1133.80885  3.42%     -    0s
     0     0 1134.45897    0   11 1174.00000 1134.45897  3.37%     -    0s
     0     0 1135.00000    0    9 1174.00000 1135.00000  3.32%     -    0s
     0     0 1135.00000    0    4 1174.00000 1135.00000  3.32%     -    0s
     0     0 1135.00000    0    7 1174.00000 1135.00000  3.32%     -    0s
     0     0 1135.00000    0    7 1174.00000 1135.00000  3.32%     -    0s
     0     0 1151.32972    0   13 1174.00000 1151.32972  1.93%     -    0s

Cutting planes:
  Cover: 1
  MIR: 4

Explored 0 nodes (175 simplex iterations) in 0.04 seconds
Thread count was 8 (of 8 available processors)

Optimal solution found (tolerance 1.00e-04)
Best objective 1.174000000000e+03, best bound 1.174000000000e+03, gap 0.0%

Gurobi 6.5.2 (win64) logging started 05/15/17 21:22:18

Optimize a model with 28 rows, 97 columns and 180 nonzeros
Coefficient statistics:
  Matrix range    [1e+00, 1e+03]
  Objective range [1e+00, 1e+00]
  Bounds range    [1e+00, 2e+07]
  RHS range       [1e+00, 1e+00]
Found heuristic solution: objective 6350
Presolve removed 4 rows and 16 columns
Presolve time: 0.00s
Presolved: 24 rows, 81 columns, 164 nonzeros
Variable types: 0 continuous, 81 integer (80 binary)

Root relaxation: objective 9.161448e+02, 37 iterations, 0.00 seconds

    Nodes    |    Current Node    |     Objective Bounds      |     Work
 Expl Unexpl |  Obj  Depth IntInf | Incumbent    BestBd   Gap | It/Node Time

     0     0  916.14484    0    7 6350.00000  916.14484  85.6%     -    0s
H    0     0                    1218.0000000  916.14484  24.8%     -    0s
H    0     0                    1206.0000000  916.14484  24.0%     -    0s
     0     0 1099.40070    0   11 1206.00000 1099.40070  8.84%     -    0s
H    0     0                    1201.0000000 1099.40070  8.46%     -    0s
H    0     0                    1199.0000000 1099.40070  8.31%     -    0s
H    0     0                    1179.0000000 1099.40070  6.75%     -    0s
     0     0 1114.44307    0    9 1179.00000 1114.44307  5.48%     -    0s
H    0     0                    1174.0000000 1114.44307  5.07%     -    0s
     0     0 1133.80885    0    9 1174.00000 1133.80885  3.42%     -    0s
     0     0 1133.80885    0   11 1174.00000 1133.80885  3.42%     -    0s
     0     0 1134.45897    0   11 1174.00000 1134.45897  3.37%     -    0s
     0     0 1135.00000    0    9 1174.00000 1135.00000  3.32%     -    0s
     0     0 1135.00000    0    4 1174.00000 1135.00000  3.32%     -    0s
     0     0 1135.00000    0    7 1174.00000 1135.00000  3.32%     -    0s
     0     0 1135.00000    0    7 1174.00000 1135.00000  3.32%     -    0s
     0     0 1151.32972    0   13 1174.00000 1151.32972  1.93%     -    0s

Cutting planes:
  Cover: 1
  MIR: 4

Explored 0 nodes (175 simplex iterations) in 0.04 seconds
Thread count was 8 (of 8 available processors)

Optimal solution found (tolerance 1.00e-04)
Best objective 1.174000000000e+03, best bound 1.174000000000e+03, gap 0.0%

Gurobi 6.5.2 (win64) logging started 05/15/17 21:23:27

Optimize a model with 28 rows, 97 columns and 180 nonzeros
Coefficient statistics:
  Matrix range    [1e+00, 1e+03]
  Objective range [1e+00, 1e+00]
  Bounds range    [1e+00, 2e+07]
  RHS range       [1e+00, 1e+00]
Found heuristic solution: objective 1474
Presolve removed 4 rows and 16 columns
Presolve time: 0.00s
Presolved: 24 rows, 81 columns, 164 nonzeros
Variable types: 0 continuous, 81 integer (80 binary)

Root relaxation: objective 6.834919e+02, 31 iterations, 0.00 seconds

    Nodes    |    Current Node    |     Objective Bounds      |     Work
 Expl Unexpl |  Obj  Depth IntInf | Incumbent    BestBd   Gap | It/Node Time

     0     0  683.49187    0    6 1474.00000  683.49187  53.6%     -    0s
H    0     0                    1199.0000000  683.49187  43.0%     -    0s
H    0     0                    1128.0000000  683.49187  39.4%     -    0s
H    0     0                    1065.0000000  683.49187  35.8%     -    0s
H    0     0                    1045.0000000  683.49187  34.6%     -    0s
H    0     0                    1038.0000000  684.00000  34.1%     -    0s
     0     0     cutoff    0      1038.00000 1037.00104  0.10%     -    0s

Cutting planes:
  Gomory: 2

Explored 0 nodes (42 simplex iterations) in 0.01 seconds
Thread count was 8 (of 8 available processors)

Optimal solution found (tolerance 1.00e-04)
Best objective 1.038000000000e+03, best bound 1.038000000000e+03, gap 0.0%

Gurobi 6.5.2 (win64) logging started 05/15/17 21:24:13

Optimize a model with 28 rows, 97 columns and 180 nonzeros
Coefficient statistics:
  Matrix range    [1e+00, 1e+03]
  Objective range [1e+00, 1e+00]
  Bounds range    [1e+00, 2e+07]
  RHS range       [1e+00, 1e+00]
Found heuristic solution: objective 1474
Presolve removed 4 rows and 16 columns
Presolve time: 0.00s
Presolved: 24 rows, 81 columns, 164 nonzeros
Variable types: 0 continuous, 81 integer (80 binary)

Root relaxation: objective 6.834919e+02, 31 iterations, 0.00 seconds

    Nodes    |    Current Node    |     Objective Bounds      |     Work
 Expl Unexpl |  Obj  Depth IntInf | Incumbent    BestBd   Gap | It/Node Time

     0     0  683.49187    0    6 1474.00000  683.49187  53.6%     -    0s
H    0     0                    1199.0000000  683.49187  43.0%     -    0s
H    0     0                    1128.0000000  683.49187  39.4%     -    0s
H    0     0                    1065.0000000  683.49187  35.8%     -    0s
H    0     0                    1045.0000000  683.49187  34.6%     -    0s
H    0     0                    1038.0000000  684.00000  34.1%     -    0s
     0     0     cutoff    0      1038.00000 1037.00104  0.10%     -    0s

Cutting planes:
  Gomory: 2

Explored 0 nodes (42 simplex iterations) in 0.01 seconds
Thread count was 8 (of 8 available processors)

Optimal solution found (tolerance 1.00e-04)
Best objective 1.038000000000e+03, best bound 1.038000000000e+03, gap 0.0%

Gurobi 6.5.2 (win64) logging started 05/15/17 21:24:24

Optimize a model with 28 rows, 97 columns and 180 nonzeros
Coefficient statistics:
  Matrix range    [1e+00, 1e+03]
  Objective range [1e+00, 1e+00]
  Bounds range    [1e+00, 2e+07]
  RHS range       [1e+00, 1e+00]
Found heuristic solution: objective 1474
Presolve removed 4 rows and 16 columns
Presolve time: 0.00s
Presolved: 24 rows, 81 columns, 164 nonzeros
Variable types: 0 continuous, 81 integer (80 binary)

Root relaxation: objective 6.834919e+02, 31 iterations, 0.00 seconds

    Nodes    |    Current Node    |     Objective Bounds      |     Work
 Expl Unexpl |  Obj  Depth IntInf | Incumbent    BestBd   Gap | It/Node Time

     0     0  683.49187    0    6 1474.00000  683.49187  53.6%     -    0s
H    0     0                    1199.0000000  683.49187  43.0%     -    0s
H    0     0                    1128.0000000  683.49187  39.4%     -    0s
H    0     0                    1065.0000000  683.49187  35.8%     -    0s
H    0     0                    1045.0000000  683.49187  34.6%     -    0s
H    0     0                    1038.0000000  684.00000  34.1%     -    0s
     0     0     cutoff    0      1038.00000 1037.00104  0.10%     -    0s

Cutting planes:
  Gomory: 2

Explored 0 nodes (42 simplex iterations) in 0.01 seconds
Thread count was 8 (of 8 available processors)

Optimal solution found (tolerance 1.00e-04)
Best objective 1.038000000000e+03, best bound 1.038000000000e+03, gap 0.0%

Gurobi 6.5.2 (win64) logging started 05/15/17 21:24:50

Optimize a model with 28 rows, 97 columns and 180 nonzeros
Coefficient statistics:
  Matrix range    [1e+00, 1e+03]
  Objective range [1e+00, 1e+00]
  Bounds range    [1e+00, 2e+07]
  RHS range       [1e+00, 1e+00]
Found heuristic solution: objective 1474
Presolve removed 4 rows and 16 columns
Presolve time: 0.00s
Presolved: 24 rows, 81 columns, 164 nonzeros
Variable types: 0 continuous, 81 integer (80 binary)

Root relaxation: objective 6.834919e+02, 31 iterations, 0.00 seconds

    Nodes    |    Current Node    |     Objective Bounds      |     Work
 Expl Unexpl |  Obj  Depth IntInf | Incumbent    BestBd   Gap | It/Node Time

     0     0  683.49187    0    6 1474.00000  683.49187  53.6%     -    0s
H    0     0                    1199.0000000  683.49187  43.0%     -    0s
H    0     0                    1128.0000000  683.49187  39.4%     -    0s
H    0     0                    1065.0000000  683.49187  35.8%     -    0s
H    0     0                    1045.0000000  683.49187  34.6%     -    0s
H    0     0                    1038.0000000  684.00000  34.1%     -    0s
     0     0     cutoff    0      1038.00000 1037.00104  0.10%     -    0s

Cutting planes:
  Gomory: 2

Explored 0 nodes (42 simplex iterations) in 0.01 seconds
Thread count was 8 (of 8 available processors)

Optimal solution found (tolerance 1.00e-04)
Best objective 1.038000000000e+03, best bound 1.038000000000e+03, gap 0.0%

Gurobi 6.5.2 (win64) logging started 05/15/17 21:30:04

Optimize a model with 28 rows, 97 columns and 180 nonzeros
Coefficient statistics:
  Matrix range    [1e+00, 1e+03]
  Objective range [1e+00, 1e+00]
  Bounds range    [1e+00, 2e+07]
  RHS range       [1e+00, 1e+00]
Found heuristic solution: objective 1474
Presolve removed 4 rows and 16 columns
Presolve time: 0.00s
Presolved: 24 rows, 81 columns, 164 nonzeros
Variable types: 0 continuous, 81 integer (80 binary)

Root relaxation: objective 6.834919e+02, 31 iterations, 0.00 seconds

    Nodes    |    Current Node    |     Objective Bounds      |     Work
 Expl Unexpl |  Obj  Depth IntInf | Incumbent    BestBd   Gap | It/Node Time

     0     0  683.49187    0    6 1474.00000  683.49187  53.6%     -    0s
H    0     0                    1199.0000000  683.49187  43.0%     -    0s
H    0     0                    1128.0000000  683.49187  39.4%     -    0s
H    0     0                    1065.0000000  683.49187  35.8%     -    0s
H    0     0                    1045.0000000  683.49187  34.6%     -    0s
H    0     0                    1038.0000000  684.00000  34.1%     -    0s
     0     0     cutoff    0      1038.00000 1037.00104  0.10%     -    0s

Cutting planes:
  Gomory: 2

Explored 0 nodes (42 simplex iterations) in 0.01 seconds
Thread count was 8 (of 8 available processors)

Optimal solution found (tolerance 1.00e-04)
Best objective 1.038000000000e+03, best bound 1.038000000000e+03, gap 0.0%

Gurobi 6.5.2 (win64) logging started 05/15/17 21:30:49

Optimize a model with 28 rows, 97 columns and 180 nonzeros
Coefficient statistics:
  Matrix range    [1e+00, 1e+03]
  Objective range [1e+00, 1e+00]
  Bounds range    [1e+00, 2e+07]
  RHS range       [1e+00, 1e+00]
Found heuristic solution: objective 1474
Presolve removed 4 rows and 16 columns
Presolve time: 0.00s
Presolved: 24 rows, 81 columns, 164 nonzeros
Variable types: 0 continuous, 81 integer (80 binary)

Root relaxation: objective 6.834919e+02, 31 iterations, 0.00 seconds

    Nodes    |    Current Node    |     Objective Bounds      |     Work
 Expl Unexpl |  Obj  Depth IntInf | Incumbent    BestBd   Gap | It/Node Time

     0     0  683.49187    0    6 1474.00000  683.49187  53.6%     -    0s
H    0     0                    1199.0000000  683.49187  43.0%     -    0s
H    0     0                    1128.0000000  683.49187  39.4%     -    0s
H    0     0                    1065.0000000  683.49187  35.8%     -    0s
H    0     0                    1045.0000000  683.49187  34.6%     -    0s
H    0     0                    1038.0000000  684.00000  34.1%     -    0s
     0     0     cutoff    0      1038.00000 1037.00104  0.10%     -    0s

Cutting planes:
  Gomory: 2

Explored 0 nodes (42 simplex iterations) in 0.01 seconds
Thread count was 8 (of 8 available processors)

Optimal solution found (tolerance 1.00e-04)
Best objective 1.038000000000e+03, best bound 1.038000000000e+03, gap 0.0%

Gurobi 6.5.2 (win64) logging started 05/15/17 21:31:55

Optimize a model with 28 rows, 97 columns and 180 nonzeros
Coefficient statistics:
  Matrix range    [1e+00, 1e+03]
  Objective range [1e+00, 1e+00]
  Bounds range    [1e+00, 2e+07]
  RHS range       [1e+00, 1e+00]
Found heuristic solution: objective 1474
Presolve removed 4 rows and 16 columns
Presolve time: 0.00s
Presolved: 24 rows, 81 columns, 164 nonzeros
Variable types: 0 continuous, 81 integer (80 binary)

Root relaxation: objective 6.834919e+02, 31 iterations, 0.00 seconds

    Nodes    |    Current Node    |     Objective Bounds      |     Work
 Expl Unexpl |  Obj  Depth IntInf | Incumbent    BestBd   Gap | It/Node Time

     0     0  683.49187    0    6 1474.00000  683.49187  53.6%     -    0s
H    0     0                    1199.0000000  683.49187  43.0%     -    0s
H    0     0                    1128.0000000  683.49187  39.4%     -    0s
H    0     0                    1065.0000000  683.49187  35.8%     -    0s
H    0     0                    1045.0000000  683.49187  34.6%     -    0s
H    0     0                    1038.0000000  684.00000  34.1%     -    0s
     0     0     cutoff    0      1038.00000 1037.00104  0.10%     -    0s

Cutting planes:
  Gomory: 2

Explored 0 nodes (42 simplex iterations) in 0.01 seconds
Thread count was 8 (of 8 available processors)

Optimal solution found (tolerance 1.00e-04)
Best objective 1.038000000000e+03, best bound 1.038000000000e+03, gap 0.0%

Gurobi 6.5.2 (win64) logging started 05/16/17 11:11:21

Optimize a model with 28 rows, 97 columns and 180 nonzeros
Coefficient statistics:
  Matrix range    [1e+00, 1e+03]
  Objective range [1e+00, 1e+00]
  Bounds range    [1e+00, 2e+07]
  RHS range       [1e+00, 1e+00]
Found heuristic solution: objective 1474
Presolve removed 4 rows and 16 columns
Presolve time: 0.00s
Presolved: 24 rows, 81 columns, 164 nonzeros
Variable types: 0 continuous, 81 integer (80 binary)

Root relaxation: objective 6.834919e+02, 31 iterations, 0.00 seconds

    Nodes    |    Current Node    |     Objective Bounds      |     Work
 Expl Unexpl |  Obj  Depth IntInf | Incumbent    BestBd   Gap | It/Node Time

     0     0  683.49187    0    6 1474.00000  683.49187  53.6%     -    0s
H    0     0                    1199.0000000  683.49187  43.0%     -    0s
H    0     0                    1128.0000000  683.49187  39.4%     -    0s
H    0     0                    1065.0000000  683.49187  35.8%     -    0s
H    0     0                    1045.0000000  683.49187  34.6%     -    0s
H    0     0                    1038.0000000  684.00000  34.1%     -    0s
     0     0     cutoff    0      1038.00000 1037.00104  0.10%     -    0s

Cutting planes:
  Gomory: 2

Explored 0 nodes (42 simplex iterations) in 0.01 seconds
Thread count was 8 (of 8 available processors)

Optimal solution found (tolerance 1.00e-04)
Best objective 1.038000000000e+03, best bound 1.038000000000e+03, gap 0.0%

Gurobi 6.5.2 (win64) logging started 05/16/17 11:15:36

Optimize a model with 28 rows, 97 columns and 180 nonzeros
Coefficient statistics:
  Matrix range    [1e+00, 1e+03]
  Objective range [1e+00, 1e+00]
  Bounds range    [1e+00, 2e+07]
  RHS range       [1e+00, 1e+00]
Found heuristic solution: objective 1474
Presolve removed 4 rows and 16 columns
Presolve time: 0.00s
Presolved: 24 rows, 81 columns, 164 nonzeros
Variable types: 0 continuous, 81 integer (80 binary)

Root relaxation: objective 6.834919e+02, 31 iterations, 0.00 seconds

    Nodes    |    Current Node    |     Objective Bounds      |     Work
 Expl Unexpl |  Obj  Depth IntInf | Incumbent    BestBd   Gap | It/Node Time

     0     0  683.49187    0    6 1474.00000  683.49187  53.6%     -    0s
H    0     0                    1199.0000000  683.49187  43.0%     -    0s
H    0     0                    1128.0000000  683.49187  39.4%     -    0s
H    0     0                    1065.0000000  683.49187  35.8%     -    0s
H    0     0                    1045.0000000  683.49187  34.6%     -    0s
H    0     0                    1038.0000000  684.00000  34.1%     -    0s
     0     0     cutoff    0      1038.00000 1037.00104  0.10%     -    0s

Cutting planes:
  Gomory: 2

Explored 0 nodes (42 simplex iterations) in 0.01 seconds
Thread count was 8 (of 8 available processors)

Optimal solution found (tolerance 1.00e-04)
Best objective 1.038000000000e+03, best bound 1.038000000000e+03, gap 0.0%

Gurobi 6.5.2 (win64) logging started 05/16/17 11:24:00

Optimize a model with 28 rows, 97 columns and 180 nonzeros
Coefficient statistics:
  Matrix range    [1e+00, 1e+03]
  Objective range [1e+00, 1e+00]
  Bounds range    [1e+00, 2e+07]
  RHS range       [1e+00, 1e+00]
Found heuristic solution: objective 1474
Presolve removed 4 rows and 16 columns
Presolve time: 0.00s
Presolved: 24 rows, 81 columns, 164 nonzeros
Variable types: 0 continuous, 81 integer (80 binary)

Root relaxation: objective 6.834919e+02, 31 iterations, 0.00 seconds

    Nodes    |    Current Node    |     Objective Bounds      |     Work
 Expl Unexpl |  Obj  Depth IntInf | Incumbent    BestBd   Gap | It/Node Time

     0     0  683.49187    0    6 1474.00000  683.49187  53.6%     -    0s
H    0     0                    1199.0000000  683.49187  43.0%     -    0s
H    0     0                    1128.0000000  683.49187  39.4%     -    0s
H    0     0                    1065.0000000  683.49187  35.8%     -    0s
H    0     0                    1045.0000000  683.49187  34.6%     -    0s
H    0     0                    1038.0000000  684.00000  34.1%     -    0s
     0     0     cutoff    0      1038.00000 1037.00104  0.10%     -    0s

Cutting planes:
  Gomory: 2

Explored 0 nodes (42 simplex iterations) in 0.01 seconds
Thread count was 8 (of 8 available processors)

Optimal solution found (tolerance 1.00e-04)
Best objective 1.038000000000e+03, best bound 1.038000000000e+03, gap 0.0%

Gurobi 6.5.2 (win64) logging started 05/16/17 11:24:23

Optimize a model with 28 rows, 97 columns and 180 nonzeros
Coefficient statistics:
  Matrix range    [1e+00, 1e+03]
  Objective range [1e+00, 1e+00]
  Bounds range    [1e+00, 2e+07]
  RHS range       [1e+00, 2e+00]
Found heuristic solution: objective 3586
Presolve removed 4 rows and 16 columns
Presolve time: 0.00s
Presolved: 24 rows, 81 columns, 164 nonzeros
Variable types: 0 continuous, 81 integer (80 binary)

Root relaxation: objective 1.522207e+03, 48 iterations, 0.00 seconds

    Nodes    |    Current Node    |     Objective Bounds      |     Work
 Expl Unexpl |  Obj  Depth IntInf | Incumbent    BestBd   Gap | It/Node Time

     0     0 1522.20689    0    6 3586.00000 1522.20689  57.6%     -    0s
H    0     0                    1823.0000000 1522.20689  16.5%     -    0s
     0     0 1552.63049    0    6 1823.00000 1552.63049  14.8%     -    0s
H    0     0                    1609.0000000 1552.63049  3.50%     -    0s
H    0     0                    1583.0000000 1552.63049  1.92%     -    0s
H    0     0                    1581.0000000 1552.63049  1.79%     -    0s
     0     0 1553.92664    0    7 1581.00000 1553.92664  1.71%     -    0s
     0     0 1558.91631    0   13 1581.00000 1558.91631  1.40%     -    0s
H    0     0                    1577.0000000 1558.91631  1.15%     -    0s
     0     0 1560.45371    0   17 1577.00000 1560.45371  1.05%     -    0s
     0     0 1561.87697    0   20 1577.00000 1561.87697  0.96%     -    0s
     0     0 1564.29387    0   22 1577.00000 1564.29387  0.81%     -    0s
     0     0 1566.32082    0   21 1577.00000 1566.32082  0.68%     -    0s
     0     0 1566.65273    0   23 1577.00000 1566.65273  0.66%     -    0s
     0     0 1566.65273    0    6 1577.00000 1566.65273  0.66%     -    0s
     0     0 1566.65273    0    8 1577.00000 1566.65273  0.66%     -    0s
     0     0 1566.65273    0   10 1577.00000 1566.65273  0.66%     -    0s
     0     0 1566.65273    0   19 1577.00000 1566.65273  0.66%     -    0s
     0     0 1566.65273    0   15 1577.00000 1566.65273  0.66%     -    0s
     0     0 1566.65273    0   17 1577.00000 1566.65273  0.66%     -    0s
     0     0 1571.60077    0   18 1577.00000 1571.60077  0.34%     -    0s
     0     0 1572.73244    0   18 1577.00000 1572.73244  0.27%     -    0s
     0     0 1572.89962    0   16 1577.00000 1572.89962  0.26%     -    0s
     0     0     cutoff    0      1577.00000 1576.00158  0.06%     -    0s

Cutting planes:
  Cover: 11
  Clique: 1
  MIR: 5

Explored 0 nodes (233 simplex iterations) in 0.05 seconds
Thread count was 8 (of 8 available processors)

Optimal solution found (tolerance 1.00e-04)
Best objective 1.577000000000e+03, best bound 1.577000000000e+03, gap 0.0%

Gurobi 6.5.2 (win64) logging started 05/16/17 11:46:26

Optimize a model with 28 rows, 97 columns and 180 nonzeros
Coefficient statistics:
  Matrix range    [1e+00, 1e+03]
  Objective range [1e+00, 1e+00]
  Bounds range    [1e+00, 2e+07]
  RHS range       [1e+00, 2e+00]
Found heuristic solution: objective 3586
Presolve removed 4 rows and 16 columns
Presolve time: 0.00s
Presolved: 24 rows, 81 columns, 164 nonzeros
Variable types: 0 continuous, 81 integer (80 binary)

Root relaxation: objective 1.522207e+03, 48 iterations, 0.00 seconds

    Nodes    |    Current Node    |     Objective Bounds      |     Work
 Expl Unexpl |  Obj  Depth IntInf | Incumbent    BestBd   Gap | It/Node Time

     0     0 1522.20689    0    6 3586.00000 1522.20689  57.6%     -    0s
H    0     0                    1823.0000000 1522.20689  16.5%     -    0s
     0     0 1552.63049    0    6 1823.00000 1552.63049  14.8%     -    0s
H    0     0                    1609.0000000 1552.63049  3.50%     -    0s
H    0     0                    1583.0000000 1552.63049  1.92%     -    0s
H    0     0                    1581.0000000 1552.63049  1.79%     -    0s
     0     0 1553.92664    0    7 1581.00000 1553.92664  1.71%     -    0s
     0     0 1558.91631    0   13 1581.00000 1558.91631  1.40%     -    0s
H    0     0                    1577.0000000 1558.91631  1.15%     -    0s
     0     0 1560.45371    0   17 1577.00000 1560.45371  1.05%     -    0s
     0     0 1561.87697    0   20 1577.00000 1561.87697  0.96%     -    0s
     0     0 1564.29387    0   22 1577.00000 1564.29387  0.81%     -    0s
     0     0 1566.32082    0   21 1577.00000 1566.32082  0.68%     -    0s
     0     0 1566.65273    0   23 1577.00000 1566.65273  0.66%     -    0s
     0     0 1566.65273    0    6 1577.00000 1566.65273  0.66%     -    0s
     0     0 1566.65273    0    8 1577.00000 1566.65273  0.66%     -    0s
     0     0 1566.65273    0   10 1577.00000 1566.65273  0.66%     -    0s
     0     0 1566.65273    0   19 1577.00000 1566.65273  0.66%     -    0s
     0     0 1566.65273    0   15 1577.00000 1566.65273  0.66%     -    0s
     0     0 1566.65273    0   17 1577.00000 1566.65273  0.66%     -    0s
     0     0 1571.60077    0   18 1577.00000 1571.60077  0.34%     -    0s
     0     0 1572.73244    0   18 1577.00000 1572.73244  0.27%     -    0s
     0     0 1572.89962    0   16 1577.00000 1572.89962  0.26%     -    0s
     0     0     cutoff    0      1577.00000 1576.00158  0.06%     -    0s

Cutting planes:
  Cover: 11
  Clique: 1
  MIR: 5

Explored 0 nodes (233 simplex iterations) in 0.04 seconds
Thread count was 8 (of 8 available processors)

Optimal solution found (tolerance 1.00e-04)
Best objective 1.577000000000e+03, best bound 1.577000000000e+03, gap 0.0%

Gurobi 6.5.2 (win64) logging started 05/16/17 11:49:14

Optimize a model with 28 rows, 97 columns and 180 nonzeros
Coefficient statistics:
  Matrix range    [1e+00, 1e+03]
  Objective range [1e+00, 1e+00]
  Bounds range    [1e+00, 2e+07]
  RHS range       [1e+00, 2e+00]
Found heuristic solution: objective 3586
Presolve removed 4 rows and 16 columns
Presolve time: 0.00s
Presolved: 24 rows, 81 columns, 164 nonzeros
Variable types: 0 continuous, 81 integer (80 binary)

Root relaxation: objective 1.522207e+03, 48 iterations, 0.00 seconds

    Nodes    |    Current Node    |     Objective Bounds      |     Work
 Expl Unexpl |  Obj  Depth IntInf | Incumbent    BestBd   Gap | It/Node Time

     0     0 1522.20689    0    6 3586.00000 1522.20689  57.6%     -    0s
H    0     0                    1823.0000000 1522.20689  16.5%     -    0s
     0     0 1552.63049    0    6 1823.00000 1552.63049  14.8%     -    0s
H    0     0                    1609.0000000 1552.63049  3.50%     -    0s
H    0     0                    1583.0000000 1552.63049  1.92%     -    0s
H    0     0                    1581.0000000 1552.63049  1.79%     -    0s
     0     0 1553.92664    0    7 1581.00000 1553.92664  1.71%     -    0s
     0     0 1558.91631    0   13 1581.00000 1558.91631  1.40%     -    0s
H    0     0                    1577.0000000 1558.91631  1.15%     -    0s
     0     0 1560.45371    0   17 1577.00000 1560.45371  1.05%     -    0s
     0     0 1561.87697    0   20 1577.00000 1561.87697  0.96%     -    0s
     0     0 1564.29387    0   22 1577.00000 1564.29387  0.81%     -    0s
     0     0 1566.32082    0   21 1577.00000 1566.32082  0.68%     -    0s
     0     0 1566.65273    0   23 1577.00000 1566.65273  0.66%     -    0s
     0     0 1566.65273    0    6 1577.00000 1566.65273  0.66%     -    0s
     0     0 1566.65273    0    8 1577.00000 1566.65273  0.66%     -    0s
     0     0 1566.65273    0   10 1577.00000 1566.65273  0.66%     -    0s
     0     0 1566.65273    0   19 1577.00000 1566.65273  0.66%     -    0s
     0     0 1566.65273    0   15 1577.00000 1566.65273  0.66%     -    0s
     0     0 1566.65273    0   17 1577.00000 1566.65273  0.66%     -    0s
     0     0 1571.60077    0   18 1577.00000 1571.60077  0.34%     -    0s
     0     0 1572.73244    0   18 1577.00000 1572.73244  0.27%     -    0s
     0     0 1572.89962    0   16 1577.00000 1572.89962  0.26%     -    0s
     0     0     cutoff    0      1577.00000 1576.00158  0.06%     -    0s

Cutting planes:
  Cover: 11
  Clique: 1
  MIR: 5

Explored 0 nodes (233 simplex iterations) in 0.04 seconds
Thread count was 8 (of 8 available processors)

Optimal solution found (tolerance 1.00e-04)
Best objective 1.577000000000e+03, best bound 1.577000000000e+03, gap 0.0%

Gurobi 6.5.2 (win64) logging started 05/16/17 11:49:49

Optimize a model with 28 rows, 97 columns and 180 nonzeros
Coefficient statistics:
  Matrix range    [1e+00, 1e+03]
  Objective range [1e+00, 1e+00]
  Bounds range    [1e+00, 2e+07]
  RHS range       [1e+00, 2e+00]
Found heuristic solution: objective 3586
Presolve removed 4 rows and 16 columns
Presolve time: 0.00s
Presolved: 24 rows, 81 columns, 164 nonzeros
Variable types: 0 continuous, 81 integer (80 binary)

Root relaxation: objective 1.522207e+03, 48 iterations, 0.00 seconds

    Nodes    |    Current Node    |     Objective Bounds      |     Work
 Expl Unexpl |  Obj  Depth IntInf | Incumbent    BestBd   Gap | It/Node Time

     0     0 1522.20689    0    6 3586.00000 1522.20689  57.6%     -    0s
H    0     0                    1823.0000000 1522.20689  16.5%     -    0s
     0     0 1552.63049    0    6 1823.00000 1552.63049  14.8%     -    0s
H    0     0                    1609.0000000 1552.63049  3.50%     -    0s
H    0     0                    1583.0000000 1552.63049  1.92%     -    0s
H    0     0                    1581.0000000 1552.63049  1.79%     -    0s
     0     0 1553.92664    0    7 1581.00000 1553.92664  1.71%     -    0s
     0     0 1558.91631    0   13 1581.00000 1558.91631  1.40%     -    0s
H    0     0                    1577.0000000 1558.91631  1.15%     -    0s
     0     0 1560.45371    0   17 1577.00000 1560.45371  1.05%     -    0s
     0     0 1561.87697    0   20 1577.00000 1561.87697  0.96%     -    0s
     0     0 1564.29387    0   22 1577.00000 1564.29387  0.81%     -    0s
     0     0 1566.32082    0   21 1577.00000 1566.32082  0.68%     -    0s
     0     0 1566.65273    0   23 1577.00000 1566.65273  0.66%     -    0s
     0     0 1566.65273    0    6 1577.00000 1566.65273  0.66%     -    0s
     0     0 1566.65273    0    8 1577.00000 1566.65273  0.66%     -    0s
     0     0 1566.65273    0   10 1577.00000 1566.65273  0.66%     -    0s
     0     0 1566.65273    0   19 1577.00000 1566.65273  0.66%     -    0s
     0     0 1566.65273    0   15 1577.00000 1566.65273  0.66%     -    0s
     0     0 1566.65273    0   17 1577.00000 1566.65273  0.66%     -    0s
     0     0 1571.60077    0   18 1577.00000 1571.60077  0.34%     -    0s
     0     0 1572.73244    0   18 1577.00000 1572.73244  0.27%     -    0s
     0     0 1572.89962    0   16 1577.00000 1572.89962  0.26%     -    0s
     0     0     cutoff    0      1577.00000 1576.00158  0.06%     -    0s

Cutting planes:
  Cover: 11
  Clique: 1
  MIR: 5

Explored 0 nodes (233 simplex iterations) in 0.04 seconds
Thread count was 8 (of 8 available processors)

Optimal solution found (tolerance 1.00e-04)
Best objective 1.577000000000e+03, best bound 1.577000000000e+03, gap 0.0%

Gurobi 6.5.2 (win64) logging started 05/16/17 11:52:31

Optimize a model with 28 rows, 97 columns and 180 nonzeros
Coefficient statistics:
  Matrix range    [1e+00, 1e+03]
  Objective range [1e+00, 1e+00]
  Bounds range    [1e+00, 2e+07]
  RHS range       [1e+00, 2e+00]
Found heuristic solution: objective 3586
Presolve removed 4 rows and 16 columns
Presolve time: 0.00s
Presolved: 24 rows, 81 columns, 164 nonzeros
Variable types: 0 continuous, 81 integer (80 binary)

Root relaxation: objective 1.522207e+03, 48 iterations, 0.00 seconds

    Nodes    |    Current Node    |     Objective Bounds      |     Work
 Expl Unexpl |  Obj  Depth IntInf | Incumbent    BestBd   Gap | It/Node Time

     0     0 1522.20689    0    6 3586.00000 1522.20689  57.6%     -    0s
H    0     0                    1823.0000000 1522.20689  16.5%     -    0s
     0     0 1552.63049    0    6 1823.00000 1552.63049  14.8%     -    0s
H    0     0                    1609.0000000 1552.63049  3.50%     -    0s
H    0     0                    1583.0000000 1552.63049  1.92%     -    0s
H    0     0                    1581.0000000 1552.63049  1.79%     -    0s
     0     0 1553.92664    0    7 1581.00000 1553.92664  1.71%     -    0s
     0     0 1558.91631    0   13 1581.00000 1558.91631  1.40%     -    0s
H    0     0                    1577.0000000 1558.91631  1.15%     -    0s
     0     0 1560.45371    0   17 1577.00000 1560.45371  1.05%     -    0s
     0     0 1561.87697    0   20 1577.00000 1561.87697  0.96%     -    0s
     0     0 1564.29387    0   22 1577.00000 1564.29387  0.81%     -    0s
     0     0 1566.32082    0   21 1577.00000 1566.32082  0.68%     -    0s
     0     0 1566.65273    0   23 1577.00000 1566.65273  0.66%     -    0s
     0     0 1566.65273    0    6 1577.00000 1566.65273  0.66%     -    0s
     0     0 1566.65273    0    8 1577.00000 1566.65273  0.66%     -    0s
     0     0 1566.65273    0   10 1577.00000 1566.65273  0.66%     -    0s
     0     0 1566.65273    0   19 1577.00000 1566.65273  0.66%     -    0s
     0     0 1566.65273    0   15 1577.00000 1566.65273  0.66%     -    0s
     0     0 1566.65273    0   17 1577.00000 1566.65273  0.66%     -    0s
     0     0 1571.60077    0   18 1577.00000 1571.60077  0.34%     -    0s
     0     0 1572.73244    0   18 1577.00000 1572.73244  0.27%     -    0s
     0     0 1572.89962    0   16 1577.00000 1572.89962  0.26%     -    0s
     0     0     cutoff    0      1577.00000 1576.00158  0.06%     -    0s

Cutting planes:
  Cover: 11
  Clique: 1
  MIR: 5

Explored 0 nodes (233 simplex iterations) in 0.04 seconds
Thread count was 8 (of 8 available processors)

Optimal solution found (tolerance 1.00e-04)
Best objective 1.577000000000e+03, best bound 1.577000000000e+03, gap 0.0%

Gurobi 6.5.2 (win64) logging started 05/16/17 11:54:32

Optimize a model with 28 rows, 97 columns and 180 nonzeros
Coefficient statistics:
  Matrix range    [1e+00, 1e+03]
  Objective range [1e+00, 1e+00]
  Bounds range    [1e+00, 2e+07]
  RHS range       [1e+00, 2e+00]
Found heuristic solution: objective 3586
Presolve removed 4 rows and 16 columns
Presolve time: 0.00s
Presolved: 24 rows, 81 columns, 164 nonzeros
Variable types: 0 continuous, 81 integer (80 binary)

Root relaxation: objective 1.522207e+03, 48 iterations, 0.00 seconds

    Nodes    |    Current Node    |     Objective Bounds      |     Work
 Expl Unexpl |  Obj  Depth IntInf | Incumbent    BestBd   Gap | It/Node Time

     0     0 1522.20689    0    6 3586.00000 1522.20689  57.6%     -    0s
H    0     0                    1823.0000000 1522.20689  16.5%     -    0s
     0     0 1552.63049    0    6 1823.00000 1552.63049  14.8%     -    0s
H    0     0                    1609.0000000 1552.63049  3.50%     -    0s
H    0     0                    1583.0000000 1552.63049  1.92%     -    0s
H    0     0                    1581.0000000 1552.63049  1.79%     -    0s
     0     0 1553.92664    0    7 1581.00000 1553.92664  1.71%     -    0s
     0     0 1558.91631    0   13 1581.00000 1558.91631  1.40%     -    0s
H    0     0                    1577.0000000 1558.91631  1.15%     -    0s
     0     0 1560.45371    0   17 1577.00000 1560.45371  1.05%     -    0s
     0     0 1561.87697    0   20 1577.00000 1561.87697  0.96%     -    0s
     0     0 1564.29387    0   22 1577.00000 1564.29387  0.81%     -    0s
     0     0 1566.32082    0   21 1577.00000 1566.32082  0.68%     -    0s
     0     0 1566.65273    0   23 1577.00000 1566.65273  0.66%     -    0s
     0     0 1566.65273    0    6 1577.00000 1566.65273  0.66%     -    0s
     0     0 1566.65273    0    8 1577.00000 1566.65273  0.66%     -    0s
     0     0 1566.65273    0   10 1577.00000 1566.65273  0.66%     -    0s
     0     0 1566.65273    0   19 1577.00000 1566.65273  0.66%     -    0s
     0     0 1566.65273    0   15 1577.00000 1566.65273  0.66%     -    0s
     0     0 1566.65273    0   17 1577.00000 1566.65273  0.66%     -    0s
     0     0 1571.60077    0   18 1577.00000 1571.60077  0.34%     -    0s
     0     0 1572.73244    0   18 1577.00000 1572.73244  0.27%     -    0s
     0     0 1572.89962    0   16 1577.00000 1572.89962  0.26%     -    0s
     0     0     cutoff    0      1577.00000 1576.00158  0.06%     -    0s

Cutting planes:
  Cover: 11
  Clique: 1
  MIR: 5

Explored 0 nodes (233 simplex iterations) in 0.04 seconds
Thread count was 8 (of 8 available processors)

Optimal solution found (tolerance 1.00e-04)
Best objective 1.577000000000e+03, best bound 1.577000000000e+03, gap 0.0%

Gurobi 6.5.2 (win64) logging started 05/16/17 11:58:33

Optimize a model with 28 rows, 97 columns and 180 nonzeros
Coefficient statistics:
  Matrix range    [1e+00, 1e+03]
  Objective range [1e+00, 1e+00]
  Bounds range    [1e+00, 2e+07]
  RHS range       [1e+00, 2e+00]
Found heuristic solution: objective 3586
Presolve removed 4 rows and 16 columns
Presolve time: 0.00s
Presolved: 24 rows, 81 columns, 164 nonzeros
Variable types: 0 continuous, 81 integer (80 binary)

Root relaxation: objective 1.522207e+03, 48 iterations, 0.00 seconds

    Nodes    |    Current Node    |     Objective Bounds      |     Work
 Expl Unexpl |  Obj  Depth IntInf | Incumbent    BestBd   Gap | It/Node Time

     0     0 1522.20689    0    6 3586.00000 1522.20689  57.6%     -    0s
H    0     0                    1823.0000000 1522.20689  16.5%     -    0s
     0     0 1552.63049    0    6 1823.00000 1552.63049  14.8%     -    0s
H    0     0                    1609.0000000 1552.63049  3.50%     -    0s
H    0     0                    1583.0000000 1552.63049  1.92%     -    0s
H    0     0                    1581.0000000 1552.63049  1.79%     -    0s
     0     0 1553.92664    0    7 1581.00000 1553.92664  1.71%     -    0s
     0     0 1558.91631    0   13 1581.00000 1558.91631  1.40%     -    0s
H    0     0                    1577.0000000 1558.91631  1.15%     -    0s
     0     0 1560.45371    0   17 1577.00000 1560.45371  1.05%     -    0s
     0     0 1561.87697    0   20 1577.00000 1561.87697  0.96%     -    0s
     0     0 1564.29387    0   22 1577.00000 1564.29387  0.81%     -    0s
     0     0 1566.32082    0   21 1577.00000 1566.32082  0.68%     -    0s
     0     0 1566.65273    0   23 1577.00000 1566.65273  0.66%     -    0s
     0     0 1566.65273    0    6 1577.00000 1566.65273  0.66%     -    0s
     0     0 1566.65273    0    8 1577.00000 1566.65273  0.66%     -    0s
     0     0 1566.65273    0   10 1577.00000 1566.65273  0.66%     -    0s
     0     0 1566.65273    0   19 1577.00000 1566.65273  0.66%     -    0s
     0     0 1566.65273    0   15 1577.00000 1566.65273  0.66%     -    0s
     0     0 1566.65273    0   17 1577.00000 1566.65273  0.66%     -    0s
     0     0 1571.60077    0   18 1577.00000 1571.60077  0.34%     -    0s
     0     0 1572.73244    0   18 1577.00000 1572.73244  0.27%     -    0s
     0     0 1572.89962    0   16 1577.00000 1572.89962  0.26%     -    0s
     0     0     cutoff    0      1577.00000 1576.00158  0.06%     -    0s

Cutting planes:
  Cover: 11
  Clique: 1
  MIR: 5

Explored 0 nodes (233 simplex iterations) in 0.04 seconds
Thread count was 8 (of 8 available processors)

Optimal solution found (tolerance 1.00e-04)
Best objective 1.577000000000e+03, best bound 1.577000000000e+03, gap 0.0%

Gurobi 6.5.2 (win64) logging started 05/16/17 11:59:49

Optimize a model with 28 rows, 97 columns and 180 nonzeros
Coefficient statistics:
  Matrix range    [1e+00, 1e+03]
  Objective range [1e+00, 1e+00]
  Bounds range    [1e+00, 2e+07]
  RHS range       [1e+00, 2e+00]
Found heuristic solution: objective 3586
Presolve removed 4 rows and 16 columns
Presolve time: 0.00s
Presolved: 24 rows, 81 columns, 164 nonzeros
Variable types: 0 continuous, 81 integer (80 binary)

Root relaxation: objective 1.522207e+03, 48 iterations, 0.00 seconds

    Nodes    |    Current Node    |     Objective Bounds      |     Work
 Expl Unexpl |  Obj  Depth IntInf | Incumbent    BestBd   Gap | It/Node Time

     0     0 1522.20689    0    6 3586.00000 1522.20689  57.6%     -    0s
H    0     0                    1823.0000000 1522.20689  16.5%     -    0s
     0     0 1552.63049    0    6 1823.00000 1552.63049  14.8%     -    0s
H    0     0                    1609.0000000 1552.63049  3.50%     -    0s
H    0     0                    1583.0000000 1552.63049  1.92%     -    0s
H    0     0                    1581.0000000 1552.63049  1.79%     -    0s
     0     0 1553.92664    0    7 1581.00000 1553.92664  1.71%     -    0s
     0     0 1558.91631    0   13 1581.00000 1558.91631  1.40%     -    0s
H    0     0                    1577.0000000 1558.91631  1.15%     -    0s
     0     0 1560.45371    0   17 1577.00000 1560.45371  1.05%     -    0s
     0     0 1561.87697    0   20 1577.00000 1561.87697  0.96%     -    0s
     0     0 1564.29387    0   22 1577.00000 1564.29387  0.81%     -    0s
     0     0 1566.32082    0   21 1577.00000 1566.32082  0.68%     -    0s
     0     0 1566.65273    0   23 1577.00000 1566.65273  0.66%     -    0s
     0     0 1566.65273    0    6 1577.00000 1566.65273  0.66%     -    0s
     0     0 1566.65273    0    8 1577.00000 1566.65273  0.66%     -    0s
     0     0 1566.65273    0   10 1577.00000 1566.65273  0.66%     -    0s
     0     0 1566.65273    0   19 1577.00000 1566.65273  0.66%     -    0s
     0     0 1566.65273    0   15 1577.00000 1566.65273  0.66%     -    0s
     0     0 1566.65273    0   17 1577.00000 1566.65273  0.66%     -    0s
     0     0 1571.60077    0   18 1577.00000 1571.60077  0.34%     -    0s
     0     0 1572.73244    0   18 1577.00000 1572.73244  0.27%     -    0s
     0     0 1572.89962    0   16 1577.00000 1572.89962  0.26%     -    0s
     0     0     cutoff    0      1577.00000 1576.00158  0.06%     -    0s

Cutting planes:
  Cover: 11
  Clique: 1
  MIR: 5

Explored 0 nodes (233 simplex iterations) in 0.04 seconds
Thread count was 8 (of 8 available processors)

Optimal solution found (tolerance 1.00e-04)
Best objective 1.577000000000e+03, best bound 1.577000000000e+03, gap 0.0%

Gurobi 6.5.2 (win64) logging started 05/16/17 12:08:02

Optimize a model with 28 rows, 97 columns and 180 nonzeros
Coefficient statistics:
  Matrix range    [1e+00, 2e+02]
  Objective range [1e+00, 1e+00]
  Bounds range    [1e+00, 2e+07]
  RHS range       [1e+00, 2e+00]
Found heuristic solution: objective 1811
Presolve removed 4 rows and 16 columns
Presolve time: 0.00s
Presolved: 24 rows, 81 columns, 164 nonzeros
Variable types: 0 continuous, 81 integer (80 binary)

Root relaxation: objective 5.637231e+02, 44 iterations, 0.00 seconds

    Nodes    |    Current Node    |     Objective Bounds      |     Work
 Expl Unexpl |  Obj  Depth IntInf | Incumbent    BestBd   Gap | It/Node Time

     0     0  563.72306    0    6 1811.00000  563.72306  68.9%     -    0s
H    0     0                     766.0000000  563.72306  26.4%     -    0s
H    0     0                     592.0000000  563.72306  4.78%     -    0s
H    0     0                     586.0000000  563.72306  3.80%     -    0s
     0     0  569.96608    0    7  586.00000  569.96608  2.74%     -    0s
     0     0  575.50079    0   12  586.00000  575.50079  1.79%     -    0s
     0     0  576.00000    0   11  586.00000  576.00000  1.71%     -    0s
     0     0  576.00000    0    6  586.00000  576.00000  1.71%     -    0s
     0     0  577.62977    0    8  586.00000  577.62977  1.43%     -    0s
     0     0  578.84656    0    9  586.00000  578.84656  1.22%     -    0s
     0     0  579.56098    0   16  586.00000  579.56098  1.10%     -    0s
H    0     0                     585.0000000  579.56098  0.93%     -    0s
     0     0  581.15622    0   16  585.00000  581.15622  0.66%     -    0s
     0     0     cutoff    0       585.00000  584.00059  0.17%     -    0s

Cutting planes:
  Gomory: 3
  Cover: 6
  MIR: 5

Explored 0 nodes (184 simplex iterations) in 0.03 seconds
Thread count was 8 (of 8 available processors)

Optimal solution found (tolerance 1.00e-04)
Best objective 5.850000000000e+02, best bound 5.850000000000e+02, gap 0.0%
